<?xml version="1.0" encoding="UTF-8"?>
<!-- Generated by org.testng.reporters.JUnitReportReporter -->
<testsuite hostname="DESKTOP-MIAHELG" name="com.naukri_Business_Logic.Naukri_Attachment_Code_Base" tests="1" failures="0" timestamp="7 Apr 2018 04:23:08 GMT" time="68.617" errors="0">
  <testcase name="naukri_Login" time="68.617" classname="com.naukri_Business_Logic.Naukri_Attachment_Code_Base"/>
</testsuite> <!-- com.naukri_Business_Logic.Naukri_Attachment_Code_Base -->
